app/build/outputs/mapping/release/seeds.txt
com.phonemetra.turbo.launcher.AlphaDisableableButton
com.phonemetra.turbo.launcher.AlphaDisableableButton: AlphaDisableableButton(android.content.Context)
com.phonemetra.turbo.launcher.AlphaDisableableButton: AlphaDisableableButton(android.content.Context,android.util.AttributeSet)
com.phonemetra.turbo.launcher.AlphaDisableableButton: AlphaDisableableButton(android.content.Context,android.util.AttributeSet,int)
com.phonemetra.turbo.launcher.AlphaDisableableButton: void setEnabled(boolean)
com.phonemetra.turbo.launcher.AppsCustomizeCellLayout: int getPageChildCount()
com.phonemetra.turbo.launcher.AppsCustomizeLayout
com.phonemetra.turbo.launcher.AppsCustomizeLayout: AppsCustomizeLayout(android.content.Context,android.util.AttributeSet)
com.phonemetra.turbo.launcher.AppsCustomizeLayout: void setInsets(android.graphics.Rect)
com.phonemetra.turbo.launcher.AppsCustomizeLayout: int getDescendantFocusability()
com.phonemetra.turbo.launcher.AppsCustomizeLayout: android.view.View getContent()
com.phonemetra.turbo.launcher.AppsCustomizeLayout: void setVisibilityOfSiblingsWithLowerZOrder(int)
com.phonemetra.turbo.launcher.AppsCustomizePagedView
com.phonemetra.turbo.launcher.AppsCustomizePagedView: AppsCustomizePagedView(android.content.Context,android.util.AttributeSet)
com.phonemetra.turbo.launcher.AppsCustomizePagedView: void setAllAppsPadding(android.graphics.Rect)
com.phonemetra.turbo.launcher.AppsCustomizePagedView: void setWidgetsPageIndicatorPadding(int)
com.phonemetra.turbo.launcher.AppsCustomizePagedView: com.phonemetra.turbo.launcher.WidgetPreviewLoader getWidgetPreviewLoader()
com.phonemetra.turbo.launcher.AppsCustomizePagedView: int getMiddleComponentIndexOnCurrentPage()
com.phonemetra.turbo.launcher.AppsCustomizePagedView: int getSaveInstanceStateIndex()
com.phonemetra.turbo.launcher.AppsCustomizePagedView: void setBulkBind(boolean)
com.phonemetra.turbo.launcher.AppsCustomizePagedView: android.view.View getContent()
com.phonemetra.turbo.launcher.AppsCustomizePagedView: float getIntrinsicIconScaleFactor()
com.phonemetra.turbo.launcher.AppsCustomizePagedView: void setContentType(com.phonemetra.turbo.launcher.AppsCustomizePagedView$ContentType)
com.phonemetra.turbo.launcher.AppsCustomizePagedView: com.phonemetra.turbo.launcher.AppsCustomizePagedView$ContentType getContentType()
com.phonemetra.turbo.launcher.AppsCustomizePagedView: void setupPage(com.phonemetra.turbo.launcher.AppsCustomizeCellLayout)
com.phonemetra.turbo.launcher.AppsCustomizePagedView: void setupPage(com.phonemetra.turbo.launcher.PagedViewGridLayout)
com.phonemetra.turbo.launcher.AppsCustomizePagedView$ContentType: com.phonemetra.turbo.launcher.AppsCustomizePagedView$ContentType[] values()
com.phonemetra.turbo.launcher.AppsCustomizePagedView$ContentType: com.phonemetra.turbo.launcher.AppsCustomizePagedView$ContentType valueOf(java.lang.String)
com.phonemetra.turbo.launcher.AppsCustomizePagedView$SortMode: com.phonemetra.turbo.launcher.AppsCustomizePagedView$SortMode[] values()
com.phonemetra.turbo.launcher.AppsCustomizePagedView$SortMode: com.phonemetra.turbo.launcher.AppsCustomizePagedView$SortMode valueOf(java.lang.String)
com.phonemetra.turbo.launcher.AppsCustomizePagedView$State: com.phonemetra.turbo.launcher.AppsCustomizePagedView$State[] values()
com.phonemetra.turbo.launcher.AppsCustomizePagedView$State: com.phonemetra.turbo.launcher.AppsCustomizePagedView$State valueOf(java.lang.String)
com.phonemetra.turbo.launcher.AsyncTaskPageData$Type: com.phonemetra.turbo.launcher.AsyncTaskPageData$Type[] values()
com.phonemetra.turbo.launcher.AsyncTaskPageData$Type: com.phonemetra.turbo.launcher.AsyncTaskPageData$Type valueOf(java.lang.String)
...
android.support.annotation.Keep
android.support.v4.app.BackStackState: android.os.Parcelable$Creator CREATOR
android.support.v4.app.Fragment$SavedState: android.os.Parcelable$Creator CREATOR
android.support.v4.app.FragmentManagerState: android.os.Parcelable$Creator CREATOR
android.support.v4.app.FragmentState: android.os.Parcelable$Creator CREATOR
android.support.v4.app.FragmentTabHost: void setOnTabChangedListener(android.widget.TabHost$OnTabChangeListener)
android.support.v4.app.FragmentTabHost$SavedState: android.os.Parcelable$Creator CREATOR
android.support.v4.content.ModernAsyncTask$Status: android.support.v4.content.ModernAsyncTask$Status[] values()
android.support.v4.content.ModernAsyncTask$Status: android.support.v4.content.ModernAsyncTask$Status valueOf(java.lang.String)
android.support.v4.graphics.drawable.DrawableCompat: void applyTheme(android.graphics.drawable.Drawable,android.content.res.Resources$Theme)
android.support.v4.graphics.drawable.DrawableCompat$BaseDrawableImpl: void applyTheme(android.graphics.drawable.Drawable,android.content.res.Resources$Theme)
android.support.v4.graphics.drawable.DrawableCompat$DrawableImpl: void applyTheme(android.graphics.drawable.Drawable,android.content.res.Resources$Theme)
android.support.v4.graphics.drawable.DrawableCompat$LollipopDrawableImpl: void applyTheme(android.graphics.drawable.Drawable,android.content.res.Resources$Theme)
android.support.v4.graphics.drawable.DrawableCompatLollipop: void applyTheme(android.graphics.drawable.Drawable,android.content.res.Resources$Theme)
android.support.v4.media.MediaBrowserCompat$MediaItem: android.os.Parcelable$Creator CREATOR
android.support.v4.media.MediaDescriptionCompat: android.os.Parcelable$Creator CREATOR
android.support.v4.media.MediaMetadataCompat: android.os.Parcelable$Creator CREATOR
android.support.v4.media.RatingCompat: android.os.Parcelable$Creator CREATOR
android.support.v4.media.session.MediaSessionCompat$QueueItem: android.os.Parcelable$Creator CREATOR
android.support.v4.media.session.MediaSessionCompat$ResultReceiverWrapper: android.os.Parcelable$Creator CREATOR
android.support.v4.media.session.MediaSessionCompat$Token: android.os.Parcelable$Creator CREATOR
android.support.v4.media.session.ParcelableVolumeInfo: android.os.Parcelable$Creator CREATOR
android.support.v4.media.session.PlaybackStateCompat: android.os.Parcelable$Creator CREATOR
android.support.v4.media.session.PlaybackStateCompat$CustomAction: android.os.Parcelable$Creator CREATOR
android.support.v4.os.ResultReceiver: android.os.Parcelable$Creator CREATOR
android.support.v4.view.PagerTabStrip: void setTabIndicatorColor(int)
android.support.v4.view.PagerTabStrip: void setTabIndicatorColorResource(int)
android.support.v4.view.PagerTabStrip: int getTabIndicatorColor()
android.support.v4.view.PagerTabStrip: void setTextSpacing(int)
android.support.v4.view.PagerTabStrip: void setBackgroundDrawable(android.graphics.drawable.Drawable)
android.support.v4.view.PagerTabStrip: void setBackgroundColor(int)
android.support.v4.view.PagerTabStrip: void setBackgroundResource(int)
android.support.v4.view.PagerTabStrip: void setDrawFullUnderline(boolean)
android.support.v4.view.PagerTabStrip: boolean getDrawFullUnderline()
android.support.v4.view.PagerTabStrip: int getMinHeight()
android.support.v4.view.PagerTitleStrip: void setSingleLineAllCaps(android.widget.TextView)
android.support.v4.view.PagerTitleStrip: void setTextSpacing(int)
android.support.v4.view.PagerTitleStrip: int getTextSpacing()
android.support.v4.view.PagerTitleStrip: void setNonPrimaryAlpha(float)
android.support.v4.view.PagerTitleStrip: void setTextColor(int)
android.support.v4.view.PagerTitleStrip: void setGravity(int)
android.support.v4.view.PagerTitleStrip: int getMinHeight()