app/build/outputs/mapping/release/mapping.txt
com.phonemetra.turbo.launcher.Alarm -> com.phonemetra.turbo.launcher.a:
    long mAlarmTriggerTime -> a
    boolean mWaitingForCallback -> b
    android.os.Handler mHandler -> c
    com.phonemetra.turbo.launcher.OnAlarmListener mAlarmListener -> d
    boolean mAlarmPending -> e
    void <init>() -> <init>
    void setOnAlarmListener(com.phonemetra.turbo.launcher.OnAlarmListener) -> a
    void setAlarm(long) -> a
    void cancelAlarm() -> a
    void run() -> run
    boolean alarmPending() -> b
com.phonemetra.turbo.launcher.AllAppsList -> com.phonemetra.turbo.launcher.b:
    java.util.ArrayList data -> a
    java.util.ArrayList added -> b
    java.util.ArrayList removed -> c
    java.util.ArrayList modified -> d
    com.phonemetra.turbo.launcher.IconCache mIconCache -> e
    com.phonemetra.turbo.launcher.AppFilter mAppFilter -> f
    void <init>(com.phonemetra.turbo.launcher.IconCache,com.phonemetra.turbo.launcher.AppFilter) -> <init>
    void add(com.phonemetra.turbo.launcher.AppInfo) -> a
    void clear() -> a
    void addPackage(android.content.Context,java.lang.String) -> a
    void removePackage(java.lang.String) -> a
    void updatePackage(android.content.Context,java.lang.String) -> b
    java.util.List findActivitiesForPackage(android.content.Context,java.lang.String) -> c
    boolean findActivity(java.util.List,android.content.ComponentName) -> a
    boolean findActivity(java.util.ArrayList,android.content.ComponentName) -> a
    com.phonemetra.turbo.launcher.AppInfo findApplicationInfoLocked(java.lang.String,java.lang.String) -> a
com.phonemetra.turbo.launcher.AlphaDisableableButton -> com.phonemetra.turbo.launcher.AlphaDisableableButton:
    float DISABLED_ALPHA_VALUE -> a
    void <init>(android.content.Context) -> <init>
    void <init>(android.content.Context,android.util.AttributeSet) -> <init>
    void <init>(android.content.Context,android.util.AttributeSet,int) -> <init>
    void setEnabled(boolean) -> setEnabled
    void <clinit>() -> <clinit>
com.phonemetra.turbo.launcher.AppFilter -> com.phonemetra.turbo.launcher.c:
    void <init>() -> <init>
    boolean shouldShowApp(android.content.ComponentName) -> a
    com.phonemetra.turbo.launcher.AppFilter loadByName(java.lang.String) -> a
com.phonemetra.turbo.launcher.AppInfo -> com.phonemetra.turbo.launcher.d:
    android.content.Intent intent -> a
    android.graphics.Bitmap iconBitmap -> b
    long firstInstallTime -> c
    android.content.ComponentName componentName -> d
    int flags -> e
    void <init>() -> <init>
    android.content.Intent getIntent() -> a
    android.content.Intent getRestoredIntent() -> b
    void <init>(android.content.pm.PackageManager,android.content.pm.ResolveInfo,com.phonemetra.turbo.launcher.IconCache,java.util.HashMap) -> <init>
    int initFlags(android.content.pm.PackageInfo) -> a
    long initFirstInstallTime(android.content.pm.PackageInfo) -> b
    void setActivity(android.content.ComponentName,int) -> a
    java.lang.String toString() -> toString
    com.phonemetra.turbo.launcher.ShortcutInfo makeShortcut() -> c
...
com.google.protobuf.nano.CodedInputByteBufferNano -> com.b.a.a.a:
    byte[] buffer -> a
    int bufferStart -> b
    int bufferSize -> c
    int bufferSizeAfterLimit -> d
    int bufferPos -> e
    int lastTag -> f
    int currentLimit -> g
    int recursionDepth -> h
    int recursionLimit -> i
    int sizeLimit -> j
    com.google.protobuf.nano.CodedInputByteBufferNano newInstance(byte[],int,int) -> a
    int readTag() -> a
    void checkLastTagWas(int) -> a
    boolean skipField(int) -> b
    void skipMessage() -> b
    long readInt64() -> c
    int readInt32() -> d
    boolean readBool() -> e
    java.lang.String readString() -> f
    void readMessage(com.google.protobuf.nano.MessageNano) -> a
    byte[] readBytes() -> g
    int readRawVarint32() -> h
    long readRawVarint64() -> i
    int readRawLittleEndian32() -> j
    long readRawLittleEndian64() -> k
    void <init>(byte[],int,int) -> <init>
    int pushLimit(int) -> c
    void recomputeBufferSizeAfterLimit() -> p
    void popLimit(int) -> d
    int getBytesUntilLimit() -> l
    boolean isAtEnd() -> m
    int getPosition() -> n
    void rewindToPosition(int) -> e
    byte readRawByte() -> o
    byte[] readRawBytes(int) -> f
    void skipRawBytes(int) -> g
com.google.protobuf.nano.CodedOutputByteBufferNano -> com.b.a.a.b:
    byte[] buffer -> a
    int limit -> b
    int position -> c
    void <init>(byte[],int,int) -> <init>
    com.google.protobuf.nano.CodedOutputByteBufferNano newInstance(byte[],int,int) -> a
    void writeInt64(int,long) -> a
    void writeInt32(int,int) -> a
    void writeBool(int,boolean) -> a
    void writeString(int,java.lang.String) -> a
    void writeMessage(int,com.google.protobuf.nano.MessageNano) -> a
    void writeBytes(int,byte[]) -> a
    void writeInt64NoTag(long) -> a
    void writeInt32NoTag(int) -> a
    void writeBoolNoTag(boolean) -> a
    void writeStringNoTag(java.lang.String) -> a
    void writeMessageNoTag(com.google.protobuf.nano.MessageNano) -> a
    void writeBytesNoTag(byte[]) -> a
    int computeInt64Size(int,long) -> b
    int computeInt32Size(int,int) -> b
    int computeBoolSize(int,boolean) -> b
    int computeStringSize(int,java.lang.String) -> b
    int computeMessageSize(int,com.google.protobuf.nano.MessageNano) -> b
    int computeBytesSize(int,byte[]) -> b
    int computeInt64SizeNoTag(long) -> b
    int computeInt32SizeNoTag(int) -> b
    int computeBoolSizeNoTag(boolean) -> b
    int computeStringSizeNoTag(java.lang.String) -> b
    int computeMessageSizeNoTag(com.google.protobuf.nano.MessageNano) -> b
    int computeBytesSizeNoTag(byte[]) -> b
    int spaceLeft() -> a
    void checkNoSpaceLeft() -> b
    void writeRawByte(byte) -> a
    void writeRawByte(int) -> c
com.google.protobuf.nano.CodedOutputByteBufferNano$OutOfSpaceException -> com.b.a.a.b$a:
    void <init>(int,int) -> <init>
com.google.protobuf.nano.InvalidProtocolBufferNanoException -> com.b.a.a.c:
    void <init>(java.lang.String) -> <init>
    com.google.protobuf.nano.InvalidProtocolBufferNanoException truncatedMessage() -> a
    com.google.protobuf.nano.InvalidProtocolBufferNanoException negativeSize() -> b
    com.google.protobuf.nano.InvalidProtocolBufferNanoException malformedVarint() -> c
    com.google.protobuf.nano.InvalidProtocolBufferNanoException invalidTag() -> d
    com.google.protobuf.nano.InvalidProtocolBufferNanoException invalidEndTag() -> e
    com.google.protobuf.nano.InvalidProtocolBufferNanoException invalidWireType() -> f
    com.google.protobuf.nano.InvalidProtocolBufferNanoException recursionLimitExceeded() -> g