app/build/outputs/mapping/release/usage.txt
com.phonemetra.turbo.launcher.AllAppsList:
    public static final int DEFAULT_APPLICATIONS_NUMBER
    75:75:public int size()
    79:79:public com.phonemetra.turbo.launcher.AppInfo get(int)
com.phonemetra.turbo.launcher.AppInfo:
    static final int DOWNLOADED_FLAG
    static final int UPDATED_SYSTEM_APP_FLAG
    39:101:public AppInfo(com.phonemetra.turbo.launcher.AppInfo)
com.phonemetra.turbo.launcher.AppWidgetResizeFrame:
    public static final int LEFT
    public static final int TOP
    public static final int RIGHT
    public static final int BOTTOM
com.phonemetra.turbo.launcher.AppsCustomizeCellLayout:
    35:36:public void removeViewOnPageAt(int)
    45:45:public android.view.View getChildOnPageAt(int)
    50:50:public int indexOfChildOnPage(android.view.View)
    54:59:public void resetChildrenOnKeyListeners()
com.phonemetra.turbo.launcher.AppsCustomizePagedView:
    static final java.lang.String TAG
    private static final int FILTER_APPS_SYSTEM_FLAG
    private static final int FILTER_APPS_DOWNLOADED_FLAG
    private static final float ALPHA_CUTOFF_THRESHOLD
    private static final int sPageSleepDelay
    static final int WIDGET_NO_CLEANUP_REQUIRED
    static final int WIDGET_PRELOAD_PENDING
    static final int WIDGET_BOUND
    static final int WIDGET_INFLATED
    static final int sLookBehindPageCount
    static final int sLookAheadPageCount
    1595:1599:public boolean enterOverviewMode()
com.phonemetra.turbo.launcher.AsyncTaskPageData:
    java.util.ArrayList sourceImages
com.phonemetra.turbo.launcher.BubbleTextView:
    static final float SHADOW_LARGE_RADIUS
    static final float SHADOW_SMALL_RADIUS
    static final float SHADOW_Y_OFFSET
    static final int SHADOW_LARGE_COLOUR
    static final int SHADOW_SMALL_COLOUR
    static final float PADDING_H
    static final float PADDING_V
    375:375:public boolean isTextVisible()
com.phonemetra.turbo.launcher.BuildConfig
com.phonemetra.turbo.launcher.ButtonDropTarget:
    protected android.widget.TextView mText
    159:160:public void getLocationInDragLayer(int[])
com.phonemetra.turbo.launcher.CellLayout:
    public static final int MODE_SHOW_REORDER_HINT
    public static final int MODE_DRAG_OVER
    public static final int MODE_ON_DROP
    public static final int MODE_ON_DROP_EXTERNAL
    public static final int MODE_ACCEPT_DROP
    private static final boolean DESTRUCTIVE_REORDER
    static final int LANDSCAPE
    static final int PORTRAIT
    private static final float REORDER_PREVIEW_MAGNITUDE
    private static final int REORDER_ANIMATION_DURATION
    private static final int INVALID_DIRECTION
    633:634:public void removeViewWithoutMarkingCells(android.view.View)
    797:798:void pointToCellRounded(int,int,int[])
    885:893:android.graphics.Rect getContentRect(android.graphics.Rect)
    900:904:static void getMetrics(android.graphics.Rect,int,int,int,int)
    1150:1168:void estimateDropCell(int,int,int,int,int[])
    2789:2789:boolean existsEmptyCell()
    2820:2820:boolean findCellForSpanIgnoring(int[],int,int,android.view.View)
    3013:3016:public int[] cellSpansToSize(int,int)
    3089:3091:public void onMove(android.view.View,int,int,int,int)
com.phonemetra.turbo.launcher.CellLayout$CellInfo:
    long container
com.phonemetra.turbo.launcher.CellLayout$CellLayoutAnimationController
com.phonemetra.turbo.launcher.CellLayout$LayoutParams:
    3209:3249:public CellLayout$LayoutParams(com.phonemetra.turbo.launcher.CellLayout$LayoutParams)
    3285:3286:public void setWidth(int)
    3289:3289:public int getWidth()
    3293:3294:public void setHeight(int)
    3297:3297:public int getHeight()
    3301:3302:public void setX(int)
    3305:3305:public int getX()
    3309:3310:public void setY(int)
    3313:3313:public int getY()
com.phonemetra.turbo.launcher.CellLayout$ReorderPreviewAnimation:
    private static final int PREVIEW_DURATION
    private static final int HINT_DURATION
    public static final int MODE_HINT
    public static final int MODE_PREVIEW
...
android.support.v4.view.AccessibilityDelegateCompatIcs
android.support.v4.view.AccessibilityDelegateCompatIcs$1
android.support.v4.view.AccessibilityDelegateCompatIcs$AccessibilityDelegateBridge
android.support.v4.view.AccessibilityDelegateCompatJellyBean
android.support.v4.view.AccessibilityDelegateCompatJellyBean$1
android.support.v4.view.AccessibilityDelegateCompatJellyBean$AccessibilityDelegateBridgeJellyBean
android.support.v4.view.ActionProvider
android.support.v4.view.ActionProvider$SubUiVisibilityListener
android.support.v4.view.ActionProvider$VisibilityListener
android.support.v4.view.GestureDetectorCompat
android.support.v4.view.GestureDetectorCompat$GestureDetectorCompatImpl
android.support.v4.view.GestureDetectorCompat$GestureDetectorCompatImplBase
android.support.v4.view.GestureDetectorCompat$GestureDetectorCompatImplBase$GestureHandler
android.support.v4.view.GestureDetectorCompat$GestureDetectorCompatImplJellybeanMr2
android.support.v4.view.GravityCompat
android.support.v4.view.GravityCompat$GravityCompatImpl
android.support.v4.view.GravityCompat$GravityCompatImplBase
android.support.v4.view.GravityCompat$GravityCompatImplJellybeanMr1
android.support.v4.view.GravityCompatJellybeanMr1
android.support.v4.view.InputDeviceCompat
android.support.v4.view.KeyEventCompat
android.support.v4.view.KeyEventCompat$BaseKeyEventVersionImpl
android.support.v4.view.KeyEventCompat$EclairKeyEventVersionImpl
android.support.v4.view.KeyEventCompat$HoneycombKeyEventVersionImpl
android.support.v4.view.KeyEventCompat$KeyEventVersionImpl
android.support.v4.view.KeyEventCompatEclair
android.support.v4.view.KeyEventCompatHoneycomb
android.support.v4.view.LayoutInflaterCompat
android.support.v4.view.LayoutInflaterCompat$LayoutInflaterCompatImpl
android.support.v4.view.LayoutInflaterCompat$LayoutInflaterCompatImplBase
android.support.v4.view.LayoutInflaterCompat$LayoutInflaterCompatImplV11
android.support.v4.view.LayoutInflaterCompat$LayoutInflaterCompatImplV21
android.support.v4.view.LayoutInflaterCompatBase
android.support.v4.view.LayoutInflaterCompatBase$FactoryWrapper
android.support.v4.view.LayoutInflaterCompatHC
android.support.v4.view.LayoutInflaterCompatHC$FactoryWrapperHC
android.support.v4.view.LayoutInflaterCompatLollipop
android.support.v4.view.LayoutInflaterFactory
android.support.v4.view.MarginLayoutParamsCompat
android.support.v4.view.MarginLayoutParamsCompat$MarginLayoutParamsCompatImpl
android.support.v4.view.MarginLayoutParamsCompat$MarginLayoutParamsCompatImplBase
android.support.v4.view.MarginLayoutParamsCompat$MarginLayoutParamsCompatImplJbMr1
android.support.v4.view.MarginLayoutParamsCompatJellybeanMr1
android.support.v4.view.MenuCompat
android.support.v4.view.MenuItemCompat
android.support.v4.view.MenuItemCompat$BaseMenuVersionImpl
android.support.v4.view.MenuItemCompat$HoneycombMenuVersionImpl
android.support.v4.view.MenuItemCompat$IcsMenuVersionImpl
android.support.v4.view.MenuItemCompat$IcsMenuVersionImpl$1
android.support.v4.view.MenuItemCompat$MenuVersionImpl
android.support.v4.view.MenuItemCompat$OnActionExpandListener
android.support.v4.view.MenuItemCompatHoneycomb
android.support.v4.view.MenuItemCompatIcs
android.support.v4.view.MenuItemCompatIcs$OnActionExpandListenerWrapper
android.support.v4.view.MenuItemCompatIcs$SupportActionExpandProxy